.NET framework version changed from 3.5 to 4.5

Assets\Parse\Plugins\dotNet45\Unity.Compat.dll: StandaloneOSXUniversal enabled True (current: False)
.NET selected 4.5, supported (4.5)
Assets\Parse\Plugins\dotNet45\Unity.Compat.dll: StandaloneOSXIntel enabled True (current: False)
.NET selected 4.5, supported (4.5)
Assets\Parse\Plugins\dotNet45\Unity.Compat.dll: WebGL enabled True (current: False)
.NET selected 4.5, supported (4.5)
Assets\Parse\Plugins\dotNet45\Unity.Compat.dll: StandaloneOSXIntel64 enabled True (current: False)
.NET selected 4.5, supported (4.5)
Assets\Parse\Plugins\dotNet45\Unity.Compat.dll: Tizen enabled True (current: False)
.NET selected 4.5, supported (4.5)
Assets\Parse\Plugins\dotNet45\Unity.Compat.dll: PSP2 enabled True (current: False)
.NET selected 4.5, supported (4.5)
Assets\Parse\Plugins\dotNet45\Unity.Compat.dll: PS4 enabled True (current: False)
.NET selected 4.5, supported (4.5)
Assets\Parse\Plugins\dotNet45\Unity.Compat.dll: XboxOne enabled True (current: False)
.NET selected 4.5, supported (4.5)
Assets\Parse\Plugins\dotNet45\Unity.Compat.dll: SamsungTV enabled True (current: False)
.NET selected 4.5, supported (4.5)
Assets\Parse\Plugins\dotNet45\Unity.Compat.dll: N3DS enabled True (current: False)
.NET selected 4.5, supported (4.5)
Assets\Parse\Plugins\dotNet45\Unity.Compat.dll: WiiU enabled True (current: False)
.NET selected 4.5, supported (4.5)
Assets\Parse\Plugins\dotNet45\Unity.Compat.dll: tvOS enabled True (current: False)
.NET selected 4.5, supported (4.5)
Assets\Parse\Plugins\dotNet45\Unity.Compat.dll: Switch enabled True (current: False)
.NET selected 4.5, supported (4.5)
Assets\Parse\Plugins\dotNet45\Unity.Compat.dll: enabled version 5.6.0
Assets\Parse\Plugins\dotNet45\Unity.Tasks.dll: StandaloneOSXUniversal enabled True (current: False)
.NET selected 4.5, supported (4.5)
Assets\Parse\Plugins\dotNet45\Unity.Tasks.dll: StandaloneOSXIntel enabled True (current: False)
.NET selected 4.5, supported (4.5)
Assets\Parse\Plugins\dotNet45\Unity.Tasks.dll: WebGL enabled True (current: False)
.NET selected 4.5, supported (4.5)
Assets\Parse\Plugins\dotNet45\Unity.Tasks.dll: StandaloneOSXIntel64 enabled True (current: False)
.NET selected 4.5, supported (4.5)
Assets\Parse\Plugins\dotNet45\Unity.Tasks.dll: Tizen enabled True (current: False)
.NET selected 4.5, supported (4.5)
Assets\Parse\Plugins\dotNet45\Unity.Tasks.dll: PSP2 enabled True (current: False)
.NET selected 4.5, supported (4.5)
Assets\Parse\Plugins\dotNet45\Unity.Tasks.dll: PS4 enabled True (current: False)
.NET selected 4.5, supported (4.5)
Assets\Parse\Plugins\dotNet45\Unity.Tasks.dll: XboxOne enabled True (current: False)
.NET selected 4.5, supported (4.5)
Assets\Parse\Plugins\dotNet45\Unity.Tasks.dll: SamsungTV enabled True (current: False)
.NET selected 4.5, supported (4.5)
Assets\Parse\Plugins\dotNet45\Unity.Tasks.dll: N3DS enabled True (current: False)
.NET selected 4.5, supported (4.5)
Assets\Parse\Plugins\dotNet45\Unity.Tasks.dll: WiiU enabled True (current: False)
.NET selected 4.5, supported (4.5)
Assets\Parse\Plugins\dotNet45\Unity.Tasks.dll: tvOS enabled True (current: False)
.NET selected 4.5, supported (4.5)
Assets\Parse\Plugins\dotNet45\Unity.Tasks.dll: Switch enabled True (current: False)
.NET selected 4.5, supported (4.5)
Assets\Parse\Plugins\dotNet45\Unity.Tasks.dll: enabled version 5.6.0
